CRITICAL - 2024-12-17 09:44:50 --> ErrorException: Undefined variable $listArticulos
[Method: GET, Route: blog-indice]
in APPPATH\Views\paginas\blog-indice.php on line 116.
 1 APPPATH\Views\paginas\blog-indice.php(116): CodeIgniter\Debug\Exceptions->errorHandler(2, 'Undefined variable $listArticulos', 'C:\\xampp\\htdocs\\damoranet.com\\app\\Views\\paginas\\blog-indice.php', 116)
 2 SYSTEMPATH\View\View.php(234): include('C:\\xampp\\htdocs\\damoranet.com\\app\\Views\\paginas\\blog-indice.php')
 3 SYSTEMPATH\View\View.php(237): CodeIgniter\View\View->CodeIgniter\View\{closure}()
 4 SYSTEMPATH\Common.php(1171): CodeIgniter\View\View->render('paginas/blog-indice', [], true)
 5 APPPATH\Controllers\Paginas.php(32): view('paginas/blog-indice')
 6 SYSTEMPATH\CodeIgniter.php(933): App\Controllers\Paginas->vista('blog-indice')
 7 SYSTEMPATH\CodeIgniter.php(509): CodeIgniter\CodeIgniter->runController(Object(App\Controllers\Paginas))
 8 SYSTEMPATH\CodeIgniter.php(355): CodeIgniter\CodeIgniter->handleRequest(null, Object(Config\Cache), false)
 9 SYSTEMPATH\Boot.php(312): CodeIgniter\CodeIgniter->run()
10 SYSTEMPATH\Boot.php(67): CodeIgniter\Boot::runCodeIgniter(Object(CodeIgniter\CodeIgniter))
11 FCPATH\index.php(56): CodeIgniter\Boot::bootWeb(Object(Config\Paths))
CRITICAL - 2024-12-17 09:46:49 --> ErrorException: Undefined variable $listArticulos
[Method: GET, Route: blog-indice]
in APPPATH\Views\paginas\blog-indice.php on line 190.
 1 APPPATH\Views\paginas\blog-indice.php(190): CodeIgniter\Debug\Exceptions->errorHandler(2, 'Undefined variable $listArticulos', 'C:\\xampp\\htdocs\\damoranet.com\\app\\Views\\paginas\\blog-indice.php', 190)
 2 SYSTEMPATH\View\View.php(234): include('C:\\xampp\\htdocs\\damoranet.com\\app\\Views\\paginas\\blog-indice.php')
 3 SYSTEMPATH\View\View.php(237): CodeIgniter\View\View->CodeIgniter\View\{closure}()
 4 SYSTEMPATH\Common.php(1171): CodeIgniter\View\View->render('paginas/blog-indice', [], true)
 5 APPPATH\Controllers\Paginas.php(32): view('paginas/blog-indice')
 6 SYSTEMPATH\CodeIgniter.php(933): App\Controllers\Paginas->vista('blog-indice')
 7 SYSTEMPATH\CodeIgniter.php(509): CodeIgniter\CodeIgniter->runController(Object(App\Controllers\Paginas))
 8 SYSTEMPATH\CodeIgniter.php(355): CodeIgniter\CodeIgniter->handleRequest(null, Object(Config\Cache), false)
 9 SYSTEMPATH\Boot.php(312): CodeIgniter\CodeIgniter->run()
10 SYSTEMPATH\Boot.php(67): CodeIgniter\Boot::runCodeIgniter(Object(CodeIgniter\CodeIgniter))
11 FCPATH\index.php(56): CodeIgniter\Boot::bootWeb(Object(Config\Paths))
